2025-08-09T17:35:24.743+08:00  INFO 19776 --- [Springboot2Pra07] [main] o.e.s.service.DbServiceTest_22           : Starting DbServiceTest_22 using Java 17.0.14 with PID 19776 (started by User in D:\Springboot2 Pra\Springboot2Pra07)
2025-08-09T17:35:24.749+08:00 DEBUG 19776 --- [Springboot2Pra07] [main] o.e.s.service.DbServiceTest_22           : Running with Spring Boot v3.4.7, Spring v6.2.8
2025-08-09T17:35:24.750+08:00  INFO 19776 --- [Springboot2Pra07] [main] o.e.s.service.DbServiceTest_22           : The following 1 profile is active: "prod"
2025-08-09T17:35:24.771+08:00 DEBUG 19776 --- [Springboot2Pra07] [main] o.s.w.c.s.GenericWebApplicationContext   : Refreshing org.springframework.web.context.support.GenericWebApplicationContext@4943defe
2025-08-09T17:35:25.602+08:00 DEBUG 19776 --- [Springboot2Pra07] [main] s.w.s.m.m.a.RequestMappingHandlerMapping : 10 mappings in 'requestMappingHandlerMapping'
2025-08-09T17:35:25.703+08:00 DEBUG 19776 --- [Springboot2Pra07] [main] o.s.w.s.handler.SimpleUrlHandlerMapping  : Patterns [/webjars/**, /**] in 'resourceHandlerMapping'
2025-08-09T17:35:25.734+08:00 DEBUG 19776 --- [Springboot2Pra07] [main] s.w.s.m.m.a.RequestMappingHandlerAdapter : ControllerAdvice beans: 0 @ModelAttribute, 0 @InitBinder, 1 RequestBodyAdvice, 1 ResponseBodyAdvice
2025-08-09T17:35:25.775+08:00 DEBUG 19776 --- [Springboot2Pra07] [main] .m.m.a.ExceptionHandlerExceptionResolver : ControllerAdvice beans: 0 @ExceptionHandler, 1 ResponseBodyAdvice
2025-08-09T17:35:25.839+08:00  INFO 19776 --- [Springboot2Pra07] [main] o.e.s.service.DbServiceTest_22           : Started DbServiceTest_22 in 1.375 seconds (process running for 2.043)
2025-08-09T17:35:26.306+08:00 DEBUG 19776 --- [Springboot2Pra07] [SpringApplicationShutdownHook] o.s.w.c.s.GenericWebApplicationContext   : Closing org.springframework.web.context.support.GenericWebApplicationContext@4943defe, started on Sat Aug 09 17:35:24 CST 2025
2025-08-09T17:36:40.375+08:00  INFO 11000 --- [Springboot2Pra07] [main] o.e.s.service.DbServiceTest_22           : Starting DbServiceTest_22 using Java 17.0.14 with PID 11000 (started by User in D:\Springboot2 Pra\Springboot2Pra07)
2025-08-09T17:36:40.376+08:00 DEBUG 11000 --- [Springboot2Pra07] [main] o.e.s.service.DbServiceTest_22           : Running with Spring Boot v3.4.7, Spring v6.2.8
2025-08-09T17:36:40.377+08:00  INFO 11000 --- [Springboot2Pra07] [main] o.e.s.service.DbServiceTest_22           : The following 1 profile is active: "prod"
2025-08-09T17:36:40.394+08:00 DEBUG 11000 --- [Springboot2Pra07] [main] o.s.w.c.s.GenericWebApplicationContext   : Refreshing org.springframework.web.context.support.GenericWebApplicationContext@7ba63fe5
2025-08-09T17:36:41.181+08:00 DEBUG 11000 --- [Springboot2Pra07] [main] s.w.s.m.m.a.RequestMappingHandlerMapping : 10 mappings in 'requestMappingHandlerMapping'
2025-08-09T17:36:41.280+08:00 DEBUG 11000 --- [Springboot2Pra07] [main] o.s.w.s.handler.SimpleUrlHandlerMapping  : Patterns [/webjars/**, /**] in 'resourceHandlerMapping'
2025-08-09T17:36:41.302+08:00 DEBUG 11000 --- [Springboot2Pra07] [main] s.w.s.m.m.a.RequestMappingHandlerAdapter : ControllerAdvice beans: 0 @ModelAttribute, 0 @InitBinder, 1 RequestBodyAdvice, 1 ResponseBodyAdvice
2025-08-09T17:36:41.331+08:00 DEBUG 11000 --- [Springboot2Pra07] [main] .m.m.a.ExceptionHandlerExceptionResolver : ControllerAdvice beans: 0 @ExceptionHandler, 1 ResponseBodyAdvice
2025-08-09T17:36:41.379+08:00  INFO 11000 --- [Springboot2Pra07] [main] o.e.s.service.DbServiceTest_22           : Started DbServiceTest_22 in 1.216 seconds (process running for 1.89)
2025-08-09T17:36:41.808+08:00 DEBUG 11000 --- [Springboot2Pra07] [SpringApplicationShutdownHook] o.s.w.c.s.GenericWebApplicationContext   : Closing org.springframework.web.context.support.GenericWebApplicationContext@7ba63fe5, started on Sat Aug 09 17:36:40 CST 2025
